<?xml version="1.0" encoding="UTF-8"?>
<!-- Generated by org.testng.reporters.JUnitXMLReporter -->
<testsuite ignored="0" hostname="KomalR-L" failures="0" tests="3" name="Submit Order Test" time="47.258" errors="0" timestamp="2024-09-20T17:34:16 IST">
  <testcase classname="com.selenium.tests.SubmitOrderTest" name="submitOrderTest" time="15.989"/>
  <testcase classname="com.selenium.tests.SubmitOrderTest" name="submitOrderTest" time="15.544"/>
  <testcase classname="com.selenium.tests.SubmitOrderTest" name="OrderHistoryTest" time="1.016"/>
</testsuite> <!-- Submit Order Test -->
